build/app/intermediates/manifest_merge_blame_file/debug/manifest-merger-blame-debug-report.txt
1<?xml version="1.0" encoding="utf-8"?>
2<manifest xmlns:android="http://schemas.android.com/apk/res/android"
3    package="velasquez.com.proyect_nortenio_app"
4    android:versionCode="1"
5    android:versionName="1.0.0" >
6
7    <uses-sdk
8        android:minSdkVersion="18"
9        android:targetSdkVersion="28" />
10    <!--
11         Flutter needs it to communicate with the running application
12         to allow setting breakpoints, to provide hot reload, etc.
13    -->
14    <uses-permission android:name="android.permission.INTERNET" />
14-->src\main\AndroidManifest.xml:9:10-71
14-->src\main\AndroidManifest.xml:9:27-69
15    <!--
16     io.flutter.app.FlutterApplication is an android.app.Application that
17         calls FlutterMain.startInitialization(this); in its onCreate method.
18         In most cases you can leave this as-is, but you if you want to provide
19         additional functionality it is fine to subclass or reimplement
20         FlutterApplication and put your custom class here.
21    -->
22    <uses-permission android:name="android.permission.ACCESS_FINE_LOCATION" />
22-->src\main\AndroidManifest.xml:8:11-84
22-->src\main\AndroidManifest.xml:8:28-82
23    <uses-permission android:name="android.permission.ACCESS_NETWORK_STATE" />
23-->[:connectivity] AndroidManifest.xml:7:5-79
23-->[:connectivity] AndroidManifest.xml:7:22-76
24    <uses-permission android:name="android.permission.ACCESS_WIFI_STATE" />
24-->[:connectivity] AndroidManifest.xml:8:5-76
24-->[:connectivity] AndroidManifest.xml:8:22-73
25    <uses-permission android:name="android.permission.ACCESS_COARSE_LOCATION" />
25-->[:location] AndroidManifest.xml:7:5-81
25-->[:location] AndroidManifest.xml:7:22-78
26
27    <uses-feature
27-->[com.google.android.gms:play-services-maps:17.0.0] AndroidManifest.xml:26:5-28:35
28        android:glEsVersion="0x00020000"
28-->[com.google.android.gms:play-services-maps:17.0.0] AndroidManifest.xml:27:9-41
29        android:required="true" />
29-->[com.google.android.gms:play-services-maps:17.0.0] AndroidManifest.xml:28:9-32
30
31    <uses-permission android:name="android.permission.WAKE_LOCK" /> <!-- Required by older versions of Google Play services to create IID tokens -->
31-->[com.google.firebase:firebase-iid:20.3.0] AndroidManifest.xml:24:5-68
31-->[com.google.firebase:firebase-iid:20.3.0] AndroidManifest.xml:24:22-65
32    <uses-permission android:name="com.google.android.c2dm.permission.RECEIVE" />
32-->[com.google.firebase:firebase-iid:20.3.0] AndroidManifest.xml:26:5-82
32-->[com.google.firebase:firebase-iid:20.3.0] AndroidManifest.xml:26:22-79
33    <uses-permission android:name="com.google.android.finsky.permission.BIND_GET_INSTALL_REFERRER_SERVICE" />
33-->[com.google.android.gms:play-services-measurement:17.6.0] AndroidManifest.xml:26:5-110
33-->[com.google.android.gms:play-services-measurement:17.6.0] AndroidManifest.xml:26:22-107
34
35    <application
35-->src\main\AndroidManifest.xml:10:5-54:19
36        android:name="io.flutter.app.FlutterApplication"
36-->src\main\AndroidManifest.xml:11:9-57
37        android:appComponentFactory="androidx.core.app.CoreComponentFactory"
37-->[androidx.core:core:1.1.0] AndroidManifest.xml:24:18-86
38        android:debuggable="true"
39        android:icon="@mipmap/ic_launcher"
39-->src\main\AndroidManifest.xml:13:9-43
40        android:label="SMG Lottery" >
40-->src\main\AndroidManifest.xml:12:9-36
41        <meta-data
41-->src\main\AndroidManifest.xml:14:9-15:70
42            android:name="com.google.android.geo.API_KEY"
42-->src\main\AndroidManifest.xml:14:20-65
43            android:value="AIzaSyBXGqZlL6YLxmWQIs_9O4Ct_x2pvZErcjk" />
43-->src\main\AndroidManifest.xml:15:13-68
44
45        <activity
45-->src\main\AndroidManifest.xml:16:9-48:20
46            android:name="velasquez.com.proyect_nortenio_app.MainActivity"
46-->src\main\AndroidManifest.xml:17:13-41
47            android:configChanges="orientation|keyboardHidden|keyboard|screenSize|smallestScreenSize|locale|layoutDirection|fontScale|screenLayout|density|uiMode"
47-->src\main\AndroidManifest.xml:20:13-163
48            android:hardwareAccelerated="true"
48-->src\main\AndroidManifest.xml:21:13-47
49            android:launchMode="singleTop"
49-->src\main\AndroidManifest.xml:18:13-43
50            android:theme="@style/LaunchTheme"
50-->src\main\AndroidManifest.xml:19:13-47
51            android:windowSoftInputMode="adjustResize" >
51-->src\main\AndroidManifest.xml:22:13-55
52
53            <!--
54                 Specifies an Android theme to apply to this Activity as soon as
55                 the Android process has started. This theme is visible to the user
56                 while the Flutter UI initializes. After that, this theme continues
57                 to determine the Window background behind the Flutter UI.
58            -->
59            <meta-data
59-->src\main\AndroidManifest.xml:27:13-30:17
60                android:name="io.flutter.embedding.android.NormalTheme"
60-->src\main\AndroidManifest.xml:28:15-70
61                android:resource="@style/NormalTheme" />
61-->src\main\AndroidManifest.xml:29:15-52
62            <!--
63                 Displays an Android View that continues showing the launch screen
64                 Drawable until Flutter paints its first frame, then this splash
65                 screen fades out. A splash screen is useful to avoid any visual
66                 gap between the end of Android's launch screen and the painting of
67                 Flutter's first frame.
68            -->
69            <meta-data
69-->src\main\AndroidManifest.xml:36:13-39:17
70                android:name="io.flutter.embedding.android.SplashScreenDrawable"
70-->src\main\AndroidManifest.xml:37:15-79
71                android:resource="@drawable/launch_background" />
71-->src\main\AndroidManifest.xml:38:15-61
72
73            <intent-filter>
73-->src\main\AndroidManifest.xml:40:13-43:29
74                <action android:name="android.intent.action.MAIN" />
74-->src\main\AndroidManifest.xml:41:17-68
74-->src\main\AndroidManifest.xml:41:25-66
75
76                <category android:name="android.intent.category.LAUNCHER" />
76-->src\main\AndroidManifest.xml:42:17-76
76-->src\main\AndroidManifest.xml:42:27-74
77            </intent-filter>
78            <intent-filter>
78-->src\main\AndroidManifest.xml:44:13-47:29
79                <action android:name="FLUTTER_NOTIFICATION_CLICK" />
79-->src\main\AndroidManifest.xml:45:17-69
79-->src\main\AndroidManifest.xml:45:25-66
80
81                <category android:name="android.intent.category.DEFAULT" />
81-->src\main\AndroidManifest.xml:46:17-76
81-->src\main\AndroidManifest.xml:46:27-73
82            </intent-filter>
83        </activity>
84        <!--
85             Don't delete the meta-data below.
86             This is used by the Flutter tool to generate GeneratedPluginRegistrant.java
87        -->
88        <meta-data
88-->src\main\AndroidManifest.xml:51:9-53:33
89            android:name="flutterEmbedding"
89-->src\main\AndroidManifest.xml:52:13-44
90            android:value="2" />
90-->src\main\AndroidManifest.xml:53:13-30
91
92        <service android:name="io.flutter.plugins.firebasemessaging.FlutterFirebaseMessagingService" >
92-->[:firebase_messaging] AndroidManifest.xml:8:9-12:19
92-->[:firebase_messaging] AndroidManifest.xml:8:18-101
93            <intent-filter>
93-->[:firebase_messaging] AndroidManifest.xml:9:13-11:29
94                <action android:name="com.google.firebase.MESSAGING_EVENT" />
94-->[:firebase_messaging] AndroidManifest.xml:10:17-78
94-->[:firebase_messaging] AndroidManifest.xml:10:25-75
95            </intent-filter>
96        </service>
97        <service
97-->[:firebase_messaging] AndroidManifest.xml:13:9-17:19
98            android:name="com.google.firebase.components.ComponentDiscoveryService"
98-->[:firebase_messaging] AndroidManifest.xml:13:18-89
99            android:directBootAware="true"
99-->[com.google.firebase:firebase-common:19.3.0] AndroidManifest.xml:34:13-43
100            android:exported="false" >
100-->[com.google.firebase:firebase-messaging:20.3.0] AndroidManifest.xml:38:13-37
101            <meta-data
101-->[:firebase_messaging] AndroidManifest.xml:14:13-16:85
102                android:name="com.google.firebase.components:io.flutter.plugins.firebasemessaging.FlutterFirebaseAppRegistrar"
102-->[:firebase_messaging] AndroidManifest.xml:15:17-127
103                android:value="com.google.firebase.components.ComponentRegistrar" />
103-->[:firebase_messaging] AndroidManifest.xml:16:17-82
104            <meta-data
104-->[:firebase_core] AndroidManifest.xml:9:13-11:85
105                android:name="com.google.firebase.components:io.flutter.plugins.firebase.core.FlutterFirebaseCoreRegistrar"
105-->[:firebase_core] AndroidManifest.xml:10:17-124
106                android:value="com.google.firebase.components.ComponentRegistrar" />
106-->[:firebase_core] AndroidManifest.xml:11:17-82
107            <meta-data
107-->[com.google.firebase:firebase-messaging:20.3.0] AndroidManifest.xml:39:13-41:85
108                android:name="com.google.firebase.components:com.google.firebase.messaging.FirebaseMessagingRegistrar"
108-->[com.google.firebase:firebase-messaging:20.3.0] AndroidManifest.xml:40:17-119
109                android:value="com.google.firebase.components.ComponentRegistrar" />
109-->[com.google.firebase:firebase-messaging:20.3.0] AndroidManifest.xml:41:17-82
110            <meta-data
110-->[com.google.firebase:firebase-iid:20.3.0] AndroidManifest.xml:32:13-34:85
111                android:name="com.google.firebase.components:com.google.firebase.iid.Registrar"
111-->[com.google.firebase:firebase-iid:20.3.0] AndroidManifest.xml:33:17-96
112                android:value="com.google.firebase.components.ComponentRegistrar" />
112-->[com.google.firebase:firebase-iid:20.3.0] AndroidManifest.xml:34:17-82
113            <meta-data
113-->[com.google.firebase:firebase-datatransport:17.0.3] AndroidManifest.xml:28:13-30:85
114                android:name="com.google.firebase.components:com.google.firebase.datatransport.TransportRegistrar"
114-->[com.google.firebase:firebase-datatransport:17.0.3] AndroidManifest.xml:29:17-115
115                android:value="com.google.firebase.components.ComponentRegistrar" />
115-->[com.google.firebase:firebase-datatransport:17.0.3] AndroidManifest.xml:30:17-82
116            <meta-data
116-->[com.google.android.gms:play-services-measurement-api:17.6.0] AndroidManifest.xml:30:13-32:85
117                android:name="com.google.firebase.components:com.google.firebase.analytics.connector.internal.AnalyticsConnectorRegistrar"
117-->[com.google.android.gms:play-services-measurement-api:17.6.0] AndroidManifest.xml:31:17-139
118                android:value="com.google.firebase.components.ComponentRegistrar" />
118-->[com.google.android.gms:play-services-measurement-api:17.6.0] AndroidManifest.xml:32:17-82
119            <meta-data
119-->[com.google.firebase:firebase-installations:16.3.3] AndroidManifest.xml:17:13-19:85
120                android:name="com.google.firebase.components:com.google.firebase.installations.FirebaseInstallationsRegistrar"
120-->[com.google.firebase:firebase-installations:16.3.3] AndroidManifest.xml:18:17-127
121                android:value="com.google.firebase.components.ComponentRegistrar" />
121-->[com.google.firebase:firebase-installations:16.3.3] AndroidManifest.xml:19:17-82
122        </service>
123
124        <activity
124-->[:url_launcher] AndroidManifest.xml:8:9-11:74
125            android:name="io.flutter.plugins.urllauncher.WebViewActivity"
125-->[:url_launcher] AndroidManifest.xml:9:13-74
126            android:exported="false"
126-->[:url_launcher] AndroidManifest.xml:10:13-37
127            android:theme="@android:style/Theme.NoTitleBar.Fullscreen" /> <!-- Needs to be explicitly declared on P+ -->
127-->[:url_launcher] AndroidManifest.xml:11:13-71
128        <uses-library
128-->[com.google.android.gms:play-services-maps:17.0.0] AndroidManifest.xml:33:9-35:40
129            android:name="org.apache.http.legacy"
129-->[com.google.android.gms:play-services-maps:17.0.0] AndroidManifest.xml:34:13-50
130            android:required="false" />
130-->[com.google.android.gms:play-services-maps:17.0.0] AndroidManifest.xml:35:13-37
131        <!--
132             FirebaseMessagingService performs security checks at runtime,
133             but set to not exported to explicitly avoid allowing another app to call it.
134        -->
135        <service
135-->[com.google.firebase:firebase-messaging:20.3.0] AndroidManifest.xml:28:9-35:19
136            android:name="com.google.firebase.messaging.FirebaseMessagingService"
136-->[com.google.firebase:firebase-messaging:20.3.0] AndroidManifest.xml:29:13-82
137            android:directBootAware="true"
137-->[com.google.firebase:firebase-messaging:20.3.0] AndroidManifest.xml:30:13-43
138            android:exported="false" >
138-->[com.google.firebase:firebase-messaging:20.3.0] AndroidManifest.xml:31:13-37
139            <intent-filter android:priority="-500" >
139-->[:firebase_messaging] AndroidManifest.xml:9:13-11:29
140                <action android:name="com.google.firebase.MESSAGING_EVENT" />
140-->[:firebase_messaging] AndroidManifest.xml:10:17-78
140-->[:firebase_messaging] AndroidManifest.xml:10:25-75
141            </intent-filter>
142        </service>
143
144        <receiver
144-->[com.google.firebase:firebase-iid:20.3.0] AndroidManifest.xml:37:9-44:20
145            android:name="com.google.firebase.iid.FirebaseInstanceIdReceiver"
145-->[com.google.firebase:firebase-iid:20.3.0] AndroidManifest.xml:38:13-78
146            android:exported="true"
146-->[com.google.firebase:firebase-iid:20.3.0] AndroidManifest.xml:39:13-36
147            android:permission="com.google.android.c2dm.permission.SEND" >
147-->[com.google.firebase:firebase-iid:20.3.0] AndroidManifest.xml:40:13-73
148            <intent-filter>
148-->[com.google.firebase:firebase-iid:20.3.0] AndroidManifest.xml:41:13-43:29
149                <action android:name="com.google.android.c2dm.intent.RECEIVE" />
149-->[com.google.firebase:firebase-iid:20.3.0] AndroidManifest.xml:42:17-81
149-->[com.google.firebase:firebase-iid:20.3.0] AndroidManifest.xml:42:25-78
150            </intent-filter>
151        </receiver>
152
153        <activity
153-->[com.google.android.gms:play-services-base:17.0.0] AndroidManifest.xml:23:9-26:75
154            android:name="com.google.android.gms.common.api.GoogleApiActivity"
154-->[com.google.android.gms:play-services-base:17.0.0] AndroidManifest.xml:24:13-79
155            android:exported="false"
155-->[com.google.android.gms:play-services-base:17.0.0] AndroidManifest.xml:25:13-37
156            android:theme="@android:style/Theme.Translucent.NoTitleBar" />
156-->[com.google.android.gms:play-services-base:17.0.0] AndroidManifest.xml:26:13-72
157
158        <provider
158-->[com.google.firebase:firebase-common:19.3.0] AndroidManifest.xml:26:9-30:39
159            android:name="com.google.firebase.provider.FirebaseInitProvider"
159-->[com.google.firebase:firebase-common:19.3.0] AndroidManifest.xml:27:13-77
160            android:authorities="velasquez.com.proyect_nortenio_app.firebaseinitprovider"
160-->[com.google.firebase:firebase-common:19.3.0] AndroidManifest.xml:28:13-72
161            android:exported="false"
161-->[com.google.firebase:firebase-common:19.3.0] AndroidManifest.xml:29:13-37
162            android:initOrder="100" />
162-->[com.google.firebase:firebase-common:19.3.0] AndroidManifest.xml:30:13-36
163
164        <receiver
164-->[com.google.android.gms:play-services-measurement:17.6.0] AndroidManifest.xml:29:9-33:20
165            android:name="com.google.android.gms.measurement.AppMeasurementReceiver"
165-->[com.google.android.gms:play-services-measurement:17.6.0] AndroidManifest.xml:30:13-85
166            android:enabled="true"
166-->[com.google.android.gms:play-services-measurement:17.6.0] AndroidManifest.xml:31:13-35
167            android:exported="false" >
167-->[com.google.android.gms:play-services-measurement:17.6.0] AndroidManifest.xml:32:13-37
168        </receiver>
169
170        <service
170-->[com.google.android.gms:play-services-measurement:17.6.0] AndroidManifest.xml:35:9-38:40
171            android:name="com.google.android.gms.measurement.AppMeasurementService"
171-->[com.google.android.gms:play-services-measurement:17.6.0] AndroidManifest.xml:36:13-84
172            android:enabled="true"
172-->[com.google.android.gms:play-services-measurement:17.6.0] AndroidManifest.xml:37:13-35
173            android:exported="false" />
173-->[com.google.android.gms:play-services-measurement:17.6.0] AndroidManifest.xml:38:13-37
174        <service
174-->[com.google.android.gms:play-services-measurement:17.6.0] AndroidManifest.xml:39:9-43:72
175            android:name="com.google.android.gms.measurement.AppMeasurementJobService"
175-->[com.google.android.gms:play-services-measurement:17.6.0] AndroidManifest.xml:40:13-87
176            android:enabled="true"
176-->[com.google.android.gms:play-services-measurement:17.6.0] AndroidManifest.xml:41:13-35
177            android:exported="false"
177-->[com.google.android.gms:play-services-measurement:17.6.0] AndroidManifest.xml:42:13-37
178            android:permission="android.permission.BIND_JOB_SERVICE" />
178-->[com.google.android.gms:play-services-measurement:17.6.0] AndroidManifest.xml:43:13-69
179
180        <meta-data
180-->[com.google.android.gms:play-services-basement:17.0.0] AndroidManifest.xml:23:9-25:69
181            android:name="com.google.android.gms.version"
181-->[com.google.android.gms:play-services-basement:17.0.0] AndroidManifest.xml:24:13-58
182            android:value="@integer/google_play_services_version" />
182-->[com.google.android.gms:play-services-basement:17.0.0] AndroidManifest.xml:25:13-66
183
184        <service
184-->[com.google.android.datatransport:transport-backend-cct:2.2.0] AndroidManifest.xml:29:9-35:19
185            android:name="com.google.android.datatransport.runtime.backends.TransportBackendDiscovery"
185-->[com.google.android.datatransport:transport-backend-cct:2.2.0] AndroidManifest.xml:30:13-103
186            android:exported="false" >
186-->[com.google.android.datatransport:transport-backend-cct:2.2.0] AndroidManifest.xml:31:13-37
187            <meta-data
187-->[com.google.android.datatransport:transport-backend-cct:2.2.0] AndroidManifest.xml:32:13-34:39
188                android:name="backend:com.google.android.datatransport.cct.CctBackendFactory"
188-->[com.google.android.datatransport:transport-backend-cct:2.2.0] AndroidManifest.xml:33:17-94
189                android:value="cct" />
189-->[com.google.android.datatransport:transport-backend-cct:2.2.0] AndroidManifest.xml:34:17-36
190        </service>
191        <service
191-->[com.google.android.datatransport:transport-runtime:2.2.0] AndroidManifest.xml:26:9-30:19
192            android:name="com.google.android.datatransport.runtime.scheduling.jobscheduling.JobInfoSchedulerService"
192-->[com.google.android.datatransport:transport-runtime:2.2.0] AndroidManifest.xml:27:13-117
193            android:exported="false"
193-->[com.google.android.datatransport:transport-runtime:2.2.0] AndroidManifest.xml:28:13-37
194            android:permission="android.permission.BIND_JOB_SERVICE" >
194-->[com.google.android.datatransport:transport-runtime:2.2.0] AndroidManifest.xml:29:13-69
195        </service>
196
197        <receiver
197-->[com.google.android.datatransport:transport-runtime:2.2.0] AndroidManifest.xml:32:9-34:40
198            android:name="com.google.android.datatransport.runtime.scheduling.jobscheduling.AlarmManagerSchedulerBroadcastReceiver"
198-->[com.google.android.datatransport:transport-runtime:2.2.0] AndroidManifest.xml:33:13-132
199            android:exported="false" />
199-->[com.google.android.datatransport:transport-runtime:2.2.0] AndroidManifest.xml:34:13-37
200    </application>
201
202</manifest>